<?xml version="1.0" encoding="UTF-8"?>
<testng-results skipped="0" failed="0" total="1" passed="1">
  <reporter-output>
  </reporter-output>
  <suite name="Suite" duration-ms="174" started-at="2020-05-06T14:10:09Z" finished-at="2020-05-06T14:10:09Z">
    <groups>
    </groups>
    <test name="Test" duration-ms="174" started-at="2020-05-06T14:10:09Z" finished-at="2020-05-06T14:10:09Z">
      <class name="com.test.selenium.DemoTest">
        <test-method status="PASS" signature="testSeleniumFromJenkins()" name="testSeleniumFromJenkins" duration-ms="138" started-at="2020-05-06T14:10:09Z" finished-at="2020-05-06T14:10:09Z">
        </test-method>
      </class>
    </test>
  </suite>
</testng-results>
